        UB            Time(s)
exec #1
       872                 0.0
       870                 0.3
       838                 0.5
       828                 1.1
       810                 6.5
       796                 9.0
       782                10.5
       781                14.7
       780                14.9
       775                18.3
       767                20.4
       748                21.0
       747                52.4
       738                60.8
       732               150.6
exec #2
       872                 0.0
       840                 1.1
       786                 1.7
       773                 7.4
       753                11.1
       747                23.0
       744                37.5
       739                63.8
exec #3
       872                 0.0
       866                 0.6
       819                 0.8
       813                 2.6
       803                 4.2
       770                 9.0
       769                13.4
       768                15.7
       765                17.4
       758                21.8
       755                29.7
       754                30.3
       744                32.6
       741               137.9
       739               162.8
       735               254.4
       732              3498.5
exec #4
       865                 0.0
       862                 0.5
       836                 1.4
       827                 2.3
       805                 3.7
       794                 4.6
       773                 8.0
       769                17.9
       764                22.5
       762                25.7
       754                36.1
       749                41.8
       742                56.7
       734                69.6
exec #5
       872                 0.0
       820                 0.3
       815                 2.7
       813                 5.8
       810                 6.1
       807                 7.0
       805                 8.4
       784                 8.7
       776                11.3
       756                16.5
       754                47.3
       752                53.2
       748                77.8
       747                85.9
       739               104.5
       738              1899.1
       735              2005.3
exec #6
       872                 0.0
       867                 0.6
       848                 0.9
       816                 2.0
       814                 3.7
       810                 5.2
       809                 6.3
       793                 7.4
       788                 8.3
       769                 9.1
       767                13.8
       743                18.7
       741                23.9
       738                25.9
       735                33.5
       732               122.1
exec #7
       872                 0.0
       852                 0.8
       826                 1.4
       819                 1.9
       801                 2.2
       793                 3.7
       784                 5.7
       768                 9.0
       763                15.9
       758                17.1
       754                19.4
       744                39.6
       739                45.9
       738                66.0
       735                79.5
       732               125.9
exec #8
       872                 0.0
       844                 1.5
       807                 1.8
       806                 5.3
       790                 6.5
       762                11.3
       757                13.6
       755                16.9
       744                19.7
       742                31.9
       738                43.5
       735                59.3
       732                74.9
exec #9
       872                 0.0
       853                 1.4
       844                 1.7
       834                 4.3
       801                 4.9
       770                 7.0
       764                24.5
       760                33.0
       758                45.6
       755                50.5
       751                51.7
       748                63.2
       747                78.2
       732              2119.3
exec #10
       872                 0.0
       862                 0.6
       857                 0.9
       833                 1.7
       831                 2.9
       827                 3.4
       818                 3.7
       807                 5.2
       802                 6.7
       800                 7.8
       794                 8.4
       777                 8.7
       767                10.8
       765                12.9
       755                14.9
       751                22.8
       741                31.3
       738                51.0
       735               418.8
       732              2506.3

solutions/BRKGA/R06_10_03_00             732             739             732             734             735             732             732             732             732             732       36004.735
